<?xml version="1.0" encoding="UTF-8"?>
<!-- Generated by org.testng.reporters.JUnitReportReporter -->
<testsuite hostname="ASK-PC" failures="0" tests="2" name="com.qa.hs.test.loginTest" time="22.627" errors="0" timestamp="2022-08-02T20:04:03 IST" skipped="0">
  <testcase classname="com.qa.hs.test.loginTest" name="loginTest" time="11.879"/>
  <system-out/>
  <testcase classname="com.qa.hs.test.loginTest" name="signUpTest" time="10.748"/>
  <system-out/>
</testsuite> <!-- com.qa.hs.test.loginTest -->
